e:\work\graphics project\openglmeshloader\debug\vc120.pdb
e:\work\graphics project\openglmeshloader\debug\vc120.idb
e:\work\graphics project\openglmeshloader\debug\animation.obj
e:\work\graphics project\openglmeshloader\debug\camera.obj
e:\work\graphics project\openglmeshloader\debug\gltexture.obj
e:\work\graphics project\openglmeshloader\debug\models.obj
e:\work\graphics project\openglmeshloader\debug\model_3ds.obj
e:\work\graphics project\openglmeshloader\debug\obstacles.obj
e:\work\graphics project\openglmeshloader\debug\openglmeshloader.obj
e:\work\graphics project\openglmeshloader\debug\scene.obj
e:\work\graphics project\openglmeshloader\debug\scenemodels.obj
e:\work\graphics project\openglmeshloader\debug\texturebuilder.obj
e:\work\graphics project\openglmeshloader\debug\openglmeshloader.exe
e:\work\graphics project\openglmeshloader\debug\openglmeshloader.pdb
e:\work\graphics project\openglmeshloader\debug\openglmeshloader.tlog\cl.command.1.tlog
e:\work\graphics project\openglmeshloader\debug\openglmeshloader.tlog\cl.read.1.tlog
e:\work\graphics project\openglmeshloader\debug\openglmeshloader.tlog\cl.write.1.tlog
e:\work\graphics project\openglmeshloader\debug\openglmeshloader.tlog\link.command.1.tlog
e:\work\graphics project\openglmeshloader\debug\openglmeshloader.tlog\link.read.1.tlog
e:\work\graphics project\openglmeshloader\debug\openglmeshloader.tlog\link.write.1.tlog
